\BOOKMARK [0][-]{chapter.1}{\376\377\004\022\004\062\004\065\004\064\004\065\004\075\004\070\004\065}{}% 1
\BOOKMARK [1][-]{section.1.1}{\376\377\004\032\004\076\004\075\004\106\004\065\004\077\004\106\004\070\004\117}{chapter.1}% 2
\BOOKMARK [1][-]{section.1.2}{\376\377\004\046\004\065\004\073\004\114}{chapter.1}% 3
\BOOKMARK [1][-]{section.1.3}{\376\377\004\042\004\065\004\105\004\075\004\076\004\073\004\076\004\063\004\070\004\070}{chapter.1}% 4
\BOOKMARK [1][-]{section.1.4}{\376\377\004\024\004\065\004\072\004\076\004\074\004\077\004\076\004\067\004\070\004\106\004\070\004\117\000\040\004\067\004\060\004\064\004\060\004\107\004\070}{chapter.1}% 5
\BOOKMARK [1][-]{section.1.5}{\376\377\004\036\004\061\004\100\004\060\004\061\004\076\004\102\004\072\004\060\000\040\004\076\004\110\004\070\004\061\004\076\004\072}{chapter.1}% 6
\BOOKMARK [0][-]{chapter.2}{\376\377\004\043\004\101\004\102\004\060\004\075\004\076\004\062\004\072\004\060}{}% 7
\BOOKMARK [1][-]{section.2.1}{\376\377\004\041\004\076\004\067\004\064\004\060\004\075\004\070\004\065\000\040\004\101\004\100\004\065\004\064\004\113\000\040\000L\000i\000n\000u\000x\000/\000M\000a\000c\000O\000S}{chapter.2}% 8
\BOOKMARK [1][-]{section.2.2}{\376\377\004\027\004\060\004\077\004\103\004\101\004\072\000\040\004\077\004\100\004\076\004\063\004\100\004\060\004\074\004\074\004\113\000\040\000L\000i\000n\000u\000x\000/\000M\000a\000c\000O\000s}{chapter.2}% 9
\BOOKMARK [1][-]{section.2.3}{\376\377\004\041\004\076\004\067\004\064\004\060\004\075\004\070\004\065\000\040\004\101\004\100\004\065\004\064\004\113\000\040\000W\000i\000n\000d\000o\000w\000s}{chapter.2}% 10
\BOOKMARK [1][-]{section.2.4}{\376\377\004\027\004\060\004\077\004\103\004\101\004\072\000\040\004\077\004\100\004\076\004\063\004\100\004\060\004\074\004\074\004\113\000\040\000W\000i\000n\000d\000o\000w\000s}{chapter.2}% 11
\BOOKMARK [1][-]{section.2.5}{\376\377\004\041\004\076\004\067\004\064\004\060\004\075\004\070\004\065\000\040\004\101\004\100\004\065\004\064\004\113\000\040\004\101\000\040\004\070\004\101\004\077\004\076\004\073\004\114\004\067\004\076\004\062\004\060\004\075\004\070\004\065\004\074\000\040\000M\000a\000k\000e\000f\000i\000l\000e}{chapter.2}% 12
\BOOKMARK [0][-]{chapter.3}{\376\377\004\047\004\070\004\101\004\073\004\065\004\075\004\075\004\076\004\065\000\040\004\074\004\076\004\064\004\065\004\073\004\070\004\100\004\076\004\062\004\060\004\075\004\070\004\065\000\040\004\102\004\076\004\077\004\073\004\070\004\062\004\060\000\040\004\100\004\060\004\072\004\065\004\102\004\113}{}% 13
\BOOKMARK [1][-]{section.3.1}{\376\377\004\036\004\077\004\070\004\101\004\060\004\075\004\070\004\065}{chapter.3}% 14
\BOOKMARK [1][-]{section.3.2}{\376\377\004\030\004\074\004\077\004\076\004\100\004\102\004\113}{chapter.3}% 15
\BOOKMARK [1][-]{section.3.3}{\376\377\004\032\004\073\004\060\004\101\004\101\004\113}{chapter.3}% 16
\BOOKMARK [0][-]{chapter.4}{\376\377\004\040\004\060\004\101\004\107\004\065\004\102\000\040\004\102\004\100\004\060\004\065\004\072\004\102\004\076\004\100\004\070\004\070\000\040\004\077\004\076\004\073\004\065\004\102\004\060\000\040\004\100\004\060\004\072\004\065\004\102\004\113}{}% 17
\BOOKMARK [1][-]{section.4.1}{\376\377\004\036\004\077\004\070\004\101\004\060\004\075\004\070\004\065}{chapter.4}% 18
\BOOKMARK [1][-]{section.4.2}{\376\377\004\030\004\074\004\077\004\076\004\100\004\102\004\113}{chapter.4}% 19
\BOOKMARK [1][-]{section.4.3}{\376\377\004\032\004\076\004\075\004\101\004\102\004\060\004\075\004\102\004\113}{chapter.4}% 20
\BOOKMARK [1][-]{section.4.4}{\376\377\004\032\004\073\004\060\004\101\004\101\004\113}{chapter.4}% 21
\BOOKMARK [0][-]{chapter.5}{\376\377\004\047\004\070\004\101\004\073\004\065\004\075\004\075\004\076\004\065\000\040\004\074\004\076\004\064\004\065\004\073\004\070\004\100\004\076\004\062\004\060\004\075\004\070\004\065\000\040\004\077\004\076\004\073\004\065\004\102\004\060\000\040\004\100\004\060\004\072\004\065\004\102\004\113}{}% 22
\BOOKMARK [1][-]{section.5.1}{\376\377\004\036\004\077\004\070\004\101\004\060\004\075\004\070\004\065}{chapter.5}% 23
\BOOKMARK [1][-]{section.5.2}{\376\377\004\030\004\074\004\077\004\076\004\100\004\102\004\113}{chapter.5}% 24
\BOOKMARK [1][-]{section.5.3}{\376\377\004\032\004\076\004\075\004\101\004\102\004\060\004\075\004\102\004\113}{chapter.5}% 25
\BOOKMARK [1][-]{section.5.4}{\376\377\004\044\004\103\004\075\004\072\004\106\004\070\004\070}{chapter.5}% 26
\BOOKMARK [1][-]{section.5.5}{\376\377\004\032\004\073\004\060\004\101\004\101\004\113}{chapter.5}% 27
